android/app/build/intermediates/manifest_merge_blame_file/debug/processDebugMainManifest/manifest-merger-blame-debug-report.txt
1<?xml version="1.0" encoding="utf-8"?>
2<manifest xmlns:android="http://schemas.android.com/apk/res/android"
3    package="com.example.medicine_remainderrr"
4    android:versionCode="1"
5    android:versionName="1.0.0" >
6
7    <uses-sdk
8        android:minSdkVersion="21"
9        android:targetSdkVersion="35" />
10    <!--
11         The INTERNET permission is required for development. Specifically,
12         the Flutter tool needs it to communicate with the running application
13         to allow setting breakpoints, to provide hot reload, etc.
14    -->
15    <uses-permission android:name="android.permission.INTERNET" />
15-->src\main\AndroidManifest.xml:3:5-66
15-->src\main\AndroidManifest.xml:3:22-64
16    <uses-permission android:name="android.permission.RECEIVE_BOOT_COMPLETED" />
16-->src\main\AndroidManifest.xml:4:5-80
16-->src\main\AndroidManifest.xml:4:22-78
17    <uses-permission android:name="android.permission.VIBRATE" />
17-->src\main\AndroidManifest.xml:5:5-66
17-->src\main\AndroidManifest.xml:5:22-63
18    <uses-permission android:name="android.permission.SCHEDULE_EXACT_ALARM" />
18-->src\main\AndroidManifest.xml:6:5-78
18-->src\main\AndroidManifest.xml:6:22-76
19    <uses-permission android:name="android.permission.USE_EXACT_ALARM" />
19-->src\main\AndroidManifest.xml:7:5-73
19-->src\main\AndroidManifest.xml:7:22-71
20    <uses-permission android:name="android.permission.POST_NOTIFICATIONS" />
20-->src\main\AndroidManifest.xml:8:5-76
20-->src\main\AndroidManifest.xml:8:22-74
21    <uses-permission android:name="android.permission.WAKE_LOCK" />
21-->src\main\AndroidManifest.xml:9:5-67
21-->src\main\AndroidManifest.xml:9:22-65
22    <uses-permission android:name="android.permission.FOREGROUND_SERVICE" />
22-->src\main\AndroidManifest.xml:10:5-76
22-->src\main\AndroidManifest.xml:10:22-74
23    <uses-permission android:name="android.permission.SYSTEM_ALERT_WINDOW" />
23-->src\main\AndroidManifest.xml:11:5-77
23-->src\main\AndroidManifest.xml:11:22-75
24    <uses-permission android:name="android.permission.REQUEST_IGNORE_BATTERY_OPTIMIZATIONS" />
24-->src\main\AndroidManifest.xml:12:5-94
24-->src\main\AndroidManifest.xml:12:22-92
25    <uses-permission android:name="android.permission.MODIFY_AUDIO_SETTINGS" />
25-->src\main\AndroidManifest.xml:13:5-79
25-->src\main\AndroidManifest.xml:13:22-77
26    <uses-permission android:name="android.permission.ACCESS_NOTIFICATION_POLICY" />
26-->src\main\AndroidManifest.xml:14:5-84
26-->src\main\AndroidManifest.xml:14:22-82
27    <uses-permission android:name="android.permission.USE_FULL_SCREEN_INTENT" />
27-->[:flutter_local_notifications] AndroidManifest.xml:9:5-81
27-->[:flutter_local_notifications] AndroidManifest.xml:9:22-78
28
29    <permission
29-->[androidx.core:core:1.13.1] AndroidManifest.xml:22:5-24:47
30        android:name="com.example.medicine_remainderrr.DYNAMIC_RECEIVER_NOT_EXPORTED_PERMISSION"
30-->[androidx.core:core:1.13.1] AndroidManifest.xml:23:9-81
31        android:protectionLevel="signature" />
31-->[androidx.core:core:1.13.1] AndroidManifest.xml:24:9-44
32
33    <uses-permission android:name="com.example.medicine_remainderrr.DYNAMIC_RECEIVER_NOT_EXPORTED_PERMISSION" />
33-->[androidx.core:core:1.13.1] AndroidManifest.xml:26:5-97
33-->[androidx.core:core:1.13.1] AndroidManifest.xml:26:22-94
34
35    <application
36        android:name="android.app.Application"
37        android:allowBackup="true"
38        android:appComponentFactory="androidx.core.app.CoreComponentFactory"
38-->[androidx.core:core:1.13.1] AndroidManifest.xml:28:18-86
39        android:debuggable="true"
40        android:extractNativeLibs="true"
41        android:fullBackupContent="true"
42        android:icon="@mipmap/ic_launcher"
43        android:label="Medicine Reminder" >
44        <activity
45            android:name="com.example.medicine_remainderrr.MainActivity"
46            android:configChanges="orientation|keyboardHidden|keyboard|screenSize|smallestScreenSize|locale|layoutDirection|fontScale|screenLayout|density|uiMode"
47            android:exported="true"
48            android:hardwareAccelerated="true"
49            android:launchMode="singleTop"
50            android:theme="@style/LaunchTheme"
51            android:windowSoftInputMode="adjustResize" >
52            <meta-data
53                android:name="io.flutter.embedding.android.NormalTheme"
54                android:resource="@style/NormalTheme" />
55
56            <intent-filter>
57                <action android:name="android.intent.action.MAIN" />
58
59                <category android:name="android.intent.category.LAUNCHER" />
60            </intent-filter>
61        </activity>
62
63        <meta-data
64            android:name="flutterEmbedding"
65            android:value="2" />
66
67        <receiver
68            android:name="com.dexterous.flutterlocalnotifications.ScheduledNotificationBootReceiver"
69            android:exported="false" >
70            <intent-filter>
71                <action android:name="android.intent.action.BOOT_COMPLETED" />
71-->[:flutter_local_notifications] AndroidManifest.xml:24:17-79
71-->[:flutter_local_notifications] AndroidManifest.xml:24:25-76
72                <action android:name="android.intent.action.MY_PACKAGE_REPLACED" />
72-->[:flutter_local_notifications] AndroidManifest.xml:25:17-84
72-->[:flutter_local_notifications] AndroidManifest.xml:25:25-81
73                <action android:name="android.intent.action.QUICKBOOT_POWERON" />
73-->[:flutter_local_notifications] AndroidManifest.xml:26:17-82
73-->[:flutter_local_notifications] AndroidManifest.xml:26:25-79
74                <action android:name="com.htc.intent.action.QUICKBOOT_POWERON" />
74-->[:flutter_local_notifications] AndroidManifest.xml:27:17-82
74-->[:flutter_local_notifications] AndroidManifest.xml:27:25-79
75                <action android:name="android.intent.action.REBOOT" />
76            </intent-filter>
77            <intent-filter>
77-->[:flutter_local_notifications] AndroidManifest.xml:23:13-28:29
78                <action android:name="android.intent.action.BOOT_COMPLETED" />
78-->[:flutter_local_notifications] AndroidManifest.xml:24:17-79
78-->[:flutter_local_notifications] AndroidManifest.xml:24:25-76
79                <action android:name="android.intent.action.MY_PACKAGE_REPLACED" />
79-->[:flutter_local_notifications] AndroidManifest.xml:25:17-84
79-->[:flutter_local_notifications] AndroidManifest.xml:25:25-81
80                <action android:name="android.intent.action.QUICKBOOT_POWERON" />
80-->[:flutter_local_notifications] AndroidManifest.xml:26:17-82
80-->[:flutter_local_notifications] AndroidManifest.xml:26:25-79
81                <action android:name="com.htc.intent.action.QUICKBOOT_POWERON" />
81-->[:flutter_local_notifications] AndroidManifest.xml:27:17-82
81-->[:flutter_local_notifications] AndroidManifest.xml:27:25-79
82            </intent-filter>
83        </receiver>
84
85        <service
86            android:name="com.dexterous.flutterlocalnotifications.ForegroundService"
87            android:exported="false"
88            android:foregroundServiceType="specialUse" />
89
90        <receiver android:name="com.dexterous.flutterlocalnotifications.AlarmReceiver" />
91        <receiver
91-->[:flutter_local_notifications] AndroidManifest.xml:14:9-16:40
92            android:name="com.dexterous.flutterlocalnotifications.ActionBroadcastReceiver"
92-->[:flutter_local_notifications] AndroidManifest.xml:15:13-91
93            android:exported="false" />
93-->[:flutter_local_notifications] AndroidManifest.xml:16:13-37
94        <receiver
94-->[:flutter_local_notifications] AndroidManifest.xml:17:9-19:40
95            android:name="com.dexterous.flutterlocalnotifications.ScheduledNotificationReceiver"
95-->[:flutter_local_notifications] AndroidManifest.xml:18:13-97
96            android:exported="false" />
96-->[:flutter_local_notifications] AndroidManifest.xml:19:13-37
97
98        <uses-library
98-->[androidx.window:window:1.2.0] AndroidManifest.xml:23:9-25:40
99            android:name="androidx.window.extensions"
99-->[androidx.window:window:1.2.0] AndroidManifest.xml:24:13-54
100            android:required="false" />
100-->[androidx.window:window:1.2.0] AndroidManifest.xml:25:13-37
101        <uses-library
101-->[androidx.window:window:1.2.0] AndroidManifest.xml:26:9-28:40
102            android:name="androidx.window.sidecar"
102-->[androidx.window:window:1.2.0] AndroidManifest.xml:27:13-51
103            android:required="false" />
103-->[androidx.window:window:1.2.0] AndroidManifest.xml:28:13-37
104
105        <provider
105-->[androidx.lifecycle:lifecycle-process:2.7.0] AndroidManifest.xml:24:9-32:20
106            android:name="androidx.startup.InitializationProvider"
106-->[androidx.lifecycle:lifecycle-process:2.7.0] AndroidManifest.xml:25:13-67
107            android:authorities="com.example.medicine_remainderrr.androidx-startup"
107-->[androidx.lifecycle:lifecycle-process:2.7.0] AndroidManifest.xml:26:13-68
108            android:exported="false" >
108-->[androidx.lifecycle:lifecycle-process:2.7.0] AndroidManifest.xml:27:13-37
109            <meta-data
109-->[androidx.lifecycle:lifecycle-process:2.7.0] AndroidManifest.xml:29:13-31:52
110                android:name="androidx.lifecycle.ProcessLifecycleInitializer"
110-->[androidx.lifecycle:lifecycle-process:2.7.0] AndroidManifest.xml:30:17-78
111                android:value="androidx.startup" />
111-->[androidx.lifecycle:lifecycle-process:2.7.0] AndroidManifest.xml:31:17-49
112            <meta-data
112-->[androidx.profileinstaller:profileinstaller:1.3.1] AndroidManifest.xml:29:13-31:52
113                android:name="androidx.profileinstaller.ProfileInstallerInitializer"
113-->[androidx.profileinstaller:profileinstaller:1.3.1] AndroidManifest.xml:30:17-85
114                android:value="androidx.startup" />
114-->[androidx.profileinstaller:profileinstaller:1.3.1] AndroidManifest.xml:31:17-49
115        </provider>
116
117        <receiver
117-->[androidx.profileinstaller:profileinstaller:1.3.1] AndroidManifest.xml:34:9-52:20
118            android:name="androidx.profileinstaller.ProfileInstallReceiver"
118-->[androidx.profileinstaller:profileinstaller:1.3.1] AndroidManifest.xml:35:13-76
119            android:directBootAware="false"
119-->[androidx.profileinstaller:profileinstaller:1.3.1] AndroidManifest.xml:36:13-44
120            android:enabled="true"
120-->[androidx.profileinstaller:profileinstaller:1.3.1] AndroidManifest.xml:37:13-35
121            android:exported="true"
121-->[androidx.profileinstaller:profileinstaller:1.3.1] AndroidManifest.xml:38:13-36
122            android:permission="android.permission.DUMP" >
122-->[androidx.profileinstaller:profileinstaller:1.3.1] AndroidManifest.xml:39:13-57
123            <intent-filter>
123-->[androidx.profileinstaller:profileinstaller:1.3.1] AndroidManifest.xml:40:13-42:29
124                <action android:name="androidx.profileinstaller.action.INSTALL_PROFILE" />
124-->[androidx.profileinstaller:profileinstaller:1.3.1] AndroidManifest.xml:41:17-91
124-->[androidx.profileinstaller:profileinstaller:1.3.1] AndroidManifest.xml:41:25-88
125            </intent-filter>
126            <intent-filter>
126-->[androidx.profileinstaller:profileinstaller:1.3.1] AndroidManifest.xml:43:13-45:29
127                <action android:name="androidx.profileinstaller.action.SKIP_FILE" />
127-->[androidx.profileinstaller:profileinstaller:1.3.1] AndroidManifest.xml:44:17-85
127-->[androidx.profileinstaller:profileinstaller:1.3.1] AndroidManifest.xml:44:25-82
128            </intent-filter>
129            <intent-filter>
129-->[androidx.profileinstaller:profileinstaller:1.3.1] AndroidManifest.xml:46:13-48:29
130                <action android:name="androidx.profileinstaller.action.SAVE_PROFILE" />
130-->[androidx.profileinstaller:profileinstaller:1.3.1] AndroidManifest.xml:47:17-88
130-->[androidx.profileinstaller:profileinstaller:1.3.1] AndroidManifest.xml:47:25-85
131            </intent-filter>
132            <intent-filter>
132-->[androidx.profileinstaller:profileinstaller:1.3.1] AndroidManifest.xml:49:13-51:29
133                <action android:name="androidx.profileinstaller.action.BENCHMARK_OPERATION" />
133-->[androidx.profileinstaller:profileinstaller:1.3.1] AndroidManifest.xml:50:17-95
133-->[androidx.profileinstaller:profileinstaller:1.3.1] AndroidManifest.xml:50:25-92
134            </intent-filter>
135        </receiver>
136    </application>
137
138</manifest>